[0.882s] DEBUG:colcon:Command line arguments: ['/usr/bin/colcon', 'build']
[0.882s] DEBUG:colcon:Parsed command line arguments: Namespace(log_base=None, log_level=None, verb_name='build', build_base='build', install_base='install', merge_install=False, symlink_install=False, test_result_base=None, continue_on_error=False, executor='parallel', parallel_workers=16, event_handlers=None, ignore_user_meta=False, metas=['./colcon.meta'], base_paths=['.'], packages_ignore=None, packages_ignore_regex=None, paths=None, packages_up_to=None, packages_up_to_regex=None, packages_above=None, packages_above_and_dependencies=None, packages_above_depth=None, packages_select_by_dep=None, packages_skip_by_dep=None, packages_skip_up_to=None, packages_select_build_failed=False, packages_skip_build_finished=False, packages_select_test_failures=False, packages_skip_test_passed=False, packages_select=None, packages_skip=None, packages_select_regex=None, packages_skip_regex=None, packages_start=None, packages_end=None, allow_overriding=[], cmake_args=None, cmake_target=None, cmake_target_skip_unavailable=False, cmake_clean_cache=False, cmake_clean_first=False, cmake_force_configure=False, ament_cmake_args=None, catkin_cmake_args=None, catkin_skip_building_tests=False, verb_parser=<colcon_defaults.argument_parser.defaults.DefaultArgumentsDecorator object at 0x700419506dd0>, verb_extension=<colcon_core.verb.build.BuildVerb object at 0x700419acca00>, main=<bound method BuildVerb.main of <colcon_core.verb.build.BuildVerb object at 0x700419acca00>>)
[0.931s] Level 1:colcon.colcon_core.package_discovery:discover_packages(colcon_meta) check parameters
[0.931s] Level 1:colcon.colcon_core.package_discovery:discover_packages(recursive) check parameters
[0.931s] Level 1:colcon.colcon_core.package_discovery:discover_packages(ignore) check parameters
[0.931s] Level 1:colcon.colcon_core.package_discovery:discover_packages(path) check parameters
[0.931s] Level 1:colcon.colcon_core.package_discovery:discover_packages(colcon_meta) discover
[0.931s] Level 1:colcon.colcon_core.package_discovery:discover_packages(recursive) discover
[0.931s] INFO:colcon.colcon_core.package_discovery:Crawling recursively for packages in '/home/theta/colcon_ws'
[0.931s] Level 1:colcon.colcon_core.package_identification:_identify(.) by extensions ['ignore', 'ignore_ament_install']
[0.931s] Level 1:colcon.colcon_core.package_identification:_identify(.) by extension 'ignore'
[0.931s] Level 1:colcon.colcon_core.package_identification:_identify(.) by extension 'ignore_ament_install'
[0.931s] Level 1:colcon.colcon_core.package_identification:_identify(.) by extensions ['colcon_pkg']
[0.931s] Level 1:colcon.colcon_core.package_identification:_identify(.) by extension 'colcon_pkg'
[0.931s] Level 1:colcon.colcon_core.package_identification:_identify(.) by extensions ['colcon_meta']
[0.931s] Level 1:colcon.colcon_core.package_identification:_identify(.) by extension 'colcon_meta'
[0.931s] Level 1:colcon.colcon_core.package_identification:_identify(.) by extensions ['ros']
[0.931s] Level 1:colcon.colcon_core.package_identification:_identify(.) by extension 'ros'
[0.940s] Level 1:colcon.colcon_core.package_identification:_identify(.) by extensions ['cmake', 'python']
[0.940s] Level 1:colcon.colcon_core.package_identification:_identify(.) by extension 'cmake'
[0.940s] Level 1:colcon.colcon_core.package_identification:_identify(.) by extension 'python'
[0.940s] Level 1:colcon.colcon_core.package_identification:_identify(.) by extensions ['python_setup_py']
[0.940s] Level 1:colcon.colcon_core.package_identification:_identify(.) by extension 'python_setup_py'
[0.940s] Level 1:colcon.colcon_core.package_identification:_identify(build) by extensions ['ignore', 'ignore_ament_install']
[0.941s] Level 1:colcon.colcon_core.package_identification:_identify(build) by extension 'ignore'
[0.941s] Level 1:colcon.colcon_core.package_identification:_identify(build) ignored
[0.941s] Level 1:colcon.colcon_core.package_identification:_identify(install) by extensions ['ignore', 'ignore_ament_install']
[0.941s] Level 1:colcon.colcon_core.package_identification:_identify(install) by extension 'ignore'
[0.941s] Level 1:colcon.colcon_core.package_identification:_identify(install) ignored
[0.941s] Level 1:colcon.colcon_core.package_identification:_identify(log) by extensions ['ignore', 'ignore_ament_install']
[0.941s] Level 1:colcon.colcon_core.package_identification:_identify(log) by extension 'ignore'
[0.941s] Level 1:colcon.colcon_core.package_identification:_identify(log) ignored
[0.941s] Level 1:colcon.colcon_core.package_identification:_identify(src) by extensions ['ignore', 'ignore_ament_install']
[0.941s] Level 1:colcon.colcon_core.package_identification:_identify(src) by extension 'ignore'
[0.941s] Level 1:colcon.colcon_core.package_identification:_identify(src) by extension 'ignore_ament_install'
[0.941s] Level 1:colcon.colcon_core.package_identification:_identify(src) by extensions ['colcon_pkg']
[0.941s] Level 1:colcon.colcon_core.package_identification:_identify(src) by extension 'colcon_pkg'
[0.941s] Level 1:colcon.colcon_core.package_identification:_identify(src) by extensions ['colcon_meta']
[0.941s] Level 1:colcon.colcon_core.package_identification:_identify(src) by extension 'colcon_meta'
[0.941s] Level 1:colcon.colcon_core.package_identification:_identify(src) by extensions ['ros']
[0.941s] Level 1:colcon.colcon_core.package_identification:_identify(src) by extension 'ros'
[0.941s] Level 1:colcon.colcon_core.package_identification:_identify(src) by extensions ['cmake', 'python']
[0.941s] Level 1:colcon.colcon_core.package_identification:_identify(src) by extension 'cmake'
[0.941s] Level 1:colcon.colcon_core.package_identification:_identify(src) by extension 'python'
[0.941s] Level 1:colcon.colcon_core.package_identification:_identify(src) by extensions ['python_setup_py']
[0.941s] Level 1:colcon.colcon_core.package_identification:_identify(src) by extension 'python_setup_py'
[0.942s] Level 1:colcon.colcon_core.package_identification:_identify(src/dis_tutorial3) by extensions ['ignore', 'ignore_ament_install']
[0.942s] Level 1:colcon.colcon_core.package_identification:_identify(src/dis_tutorial3) by extension 'ignore'
[0.942s] Level 1:colcon.colcon_core.package_identification:_identify(src/dis_tutorial3) by extension 'ignore_ament_install'
[0.942s] Level 1:colcon.colcon_core.package_identification:_identify(src/dis_tutorial3) by extensions ['colcon_pkg']
[0.942s] Level 1:colcon.colcon_core.package_identification:_identify(src/dis_tutorial3) by extension 'colcon_pkg'
[0.942s] Level 1:colcon.colcon_core.package_identification:_identify(src/dis_tutorial3) by extensions ['colcon_meta']
[0.942s] Level 1:colcon.colcon_core.package_identification:_identify(src/dis_tutorial3) by extension 'colcon_meta'
[0.942s] Level 1:colcon.colcon_core.package_identification:_identify(src/dis_tutorial3) by extensions ['ros']
[0.942s] Level 1:colcon.colcon_core.package_identification:_identify(src/dis_tutorial3) by extension 'ros'
[0.944s] DEBUG:colcon.colcon_core.package_identification:Package 'src/dis_tutorial3' with type 'ros.ament_cmake' and name 'dis_tutorial3'
[0.944s] Level 1:colcon.colcon_core.package_identification:_identify(src/dis_tutorial4) by extensions ['ignore', 'ignore_ament_install']
[0.944s] Level 1:colcon.colcon_core.package_identification:_identify(src/dis_tutorial4) by extension 'ignore'
[0.944s] Level 1:colcon.colcon_core.package_identification:_identify(src/dis_tutorial4) by extension 'ignore_ament_install'
[0.944s] Level 1:colcon.colcon_core.package_identification:_identify(src/dis_tutorial4) by extensions ['colcon_pkg']
[0.944s] Level 1:colcon.colcon_core.package_identification:_identify(src/dis_tutorial4) by extension 'colcon_pkg'
[0.944s] Level 1:colcon.colcon_core.package_identification:_identify(src/dis_tutorial4) by extensions ['colcon_meta']
[0.944s] Level 1:colcon.colcon_core.package_identification:_identify(src/dis_tutorial4) by extension 'colcon_meta'
[0.944s] Level 1:colcon.colcon_core.package_identification:_identify(src/dis_tutorial4) by extensions ['ros']
[0.944s] Level 1:colcon.colcon_core.package_identification:_identify(src/dis_tutorial4) by extension 'ros'
[0.945s] DEBUG:colcon.colcon_core.package_identification:Package 'src/dis_tutorial4' with type 'ros.ament_cmake' and name 'dis_tutorial4'
[0.945s] Level 1:colcon.colcon_core.package_discovery:discover_packages(recursive) using defaults
[0.945s] Level 1:colcon.colcon_core.package_discovery:discover_packages(ignore) discover
[0.945s] Level 1:colcon.colcon_core.package_discovery:discover_packages(ignore) using defaults
[0.945s] Level 1:colcon.colcon_core.package_discovery:discover_packages(path) discover
[0.945s] Level 1:colcon.colcon_core.package_discovery:discover_packages(path) using defaults
[1.018s] Level 1:colcon.colcon_core.package_discovery:discover_packages(prefix_path) check parameters
[1.018s] Level 1:colcon.colcon_core.package_discovery:discover_packages(prefix_path) discover
[1.041s] DEBUG:colcon.colcon_installed_package_information.package_discovery:Found 0 installed packages in /home/theta/colcon_ws/install
[1.053s] DEBUG:colcon.colcon_installed_package_information.package_discovery:Found 408 installed packages in /opt/ros/humble
[1.055s] Level 1:colcon.colcon_core.package_discovery:discover_packages(prefix_path) using defaults
[1.139s] Level 5:colcon.colcon_core.verb:set package 'dis_tutorial3' build argument 'cmake_args' from command line to 'None'
[1.139s] Level 5:colcon.colcon_core.verb:set package 'dis_tutorial3' build argument 'cmake_target' from command line to 'None'
[1.139s] Level 5:colcon.colcon_core.verb:set package 'dis_tutorial3' build argument 'cmake_target_skip_unavailable' from command line to 'False'
[1.139s] Level 5:colcon.colcon_core.verb:set package 'dis_tutorial3' build argument 'cmake_clean_cache' from command line to 'False'
[1.139s] Level 5:colcon.colcon_core.verb:set package 'dis_tutorial3' build argument 'cmake_clean_first' from command line to 'False'
[1.139s] Level 5:colcon.colcon_core.verb:set package 'dis_tutorial3' build argument 'cmake_force_configure' from command line to 'False'
[1.139s] Level 5:colcon.colcon_core.verb:set package 'dis_tutorial3' build argument 'ament_cmake_args' from command line to 'None'
[1.139s] Level 5:colcon.colcon_core.verb:set package 'dis_tutorial3' build argument 'catkin_cmake_args' from command line to 'None'
[1.139s] Level 5:colcon.colcon_core.verb:set package 'dis_tutorial3' build argument 'catkin_skip_building_tests' from command line to 'False'
[1.139s] DEBUG:colcon.colcon_core.verb:Building package 'dis_tutorial3' with the following arguments: {'ament_cmake_args': None, 'build_base': '/home/theta/colcon_ws/build/dis_tutorial3', 'catkin_cmake_args': None, 'catkin_skip_building_tests': False, 'cmake_args': None, 'cmake_clean_cache': False, 'cmake_clean_first': False, 'cmake_force_configure': False, 'cmake_target': None, 'cmake_target_skip_unavailable': False, 'install_base': '/home/theta/colcon_ws/install/dis_tutorial3', 'merge_install': False, 'path': '/home/theta/colcon_ws/src/dis_tutorial3', 'symlink_install': False, 'test_result_base': None}
[1.150s] Level 5:colcon.colcon_core.verb:set package 'dis_tutorial4' build argument 'cmake_args' from command line to 'None'
[1.150s] Level 5:colcon.colcon_core.verb:set package 'dis_tutorial4' build argument 'cmake_target' from command line to 'None'
[1.150s] Level 5:colcon.colcon_core.verb:set package 'dis_tutorial4' build argument 'cmake_target_skip_unavailable' from command line to 'False'
[1.150s] Level 5:colcon.colcon_core.verb:set package 'dis_tutorial4' build argument 'cmake_clean_cache' from command line to 'False'
[1.150s] Level 5:colcon.colcon_core.verb:set package 'dis_tutorial4' build argument 'cmake_clean_first' from command line to 'False'
[1.150s] Level 5:colcon.colcon_core.verb:set package 'dis_tutorial4' build argument 'cmake_force_configure' from command line to 'False'
[1.150s] Level 5:colcon.colcon_core.verb:set package 'dis_tutorial4' build argument 'ament_cmake_args' from command line to 'None'
[1.150s] Level 5:colcon.colcon_core.verb:set package 'dis_tutorial4' build argument 'catkin_cmake_args' from command line to 'None'
[1.150s] Level 5:colcon.colcon_core.verb:set package 'dis_tutorial4' build argument 'catkin_skip_building_tests' from command line to 'False'
[1.150s] DEBUG:colcon.colcon_core.verb:Building package 'dis_tutorial4' with the following arguments: {'ament_cmake_args': None, 'build_base': '/home/theta/colcon_ws/build/dis_tutorial4', 'catkin_cmake_args': None, 'catkin_skip_building_tests': False, 'cmake_args': None, 'cmake_clean_cache': False, 'cmake_clean_first': False, 'cmake_force_configure': False, 'cmake_target': None, 'cmake_target_skip_unavailable': False, 'install_base': '/home/theta/colcon_ws/install/dis_tutorial4', 'merge_install': False, 'path': '/home/theta/colcon_ws/src/dis_tutorial4', 'symlink_install': False, 'test_result_base': None}
[1.161s] INFO:colcon.colcon_core.executor:Executing jobs using 'parallel' executor
[1.172s] DEBUG:colcon.colcon_parallel_executor.executor.parallel:run_until_complete
[1.172s] INFO:colcon.colcon_ros.task.ament_cmake.build:Building ROS package in '/home/theta/colcon_ws/src/dis_tutorial3' with build type 'ament_cmake'
[1.172s] INFO:colcon.colcon_cmake.task.cmake.build:Building CMake package in '/home/theta/colcon_ws/src/dis_tutorial3'
[1.186s] INFO:colcon.colcon_core.plugin_system:Skipping extension 'colcon_core.shell.bat': Not used on non-Windows systems
[1.186s] INFO:colcon.colcon_core.shell:Skip shell extension 'powershell' for command environment: Not usable outside of PowerShell
[1.186s] DEBUG:colcon.colcon_core.shell:Skip shell extension 'dsv' for command environment
[1.222s] INFO:colcon.colcon_ros.task.ament_cmake.build:Building ROS package in '/home/theta/colcon_ws/src/dis_tutorial4' with build type 'ament_cmake'
[1.222s] INFO:colcon.colcon_cmake.task.cmake.build:Building CMake package in '/home/theta/colcon_ws/src/dis_tutorial4'
[1.233s] INFO:colcon.colcon_core.shell:Skip shell extension 'powershell' for command environment: Not usable outside of PowerShell
[1.233s] DEBUG:colcon.colcon_core.shell:Skip shell extension 'dsv' for command environment
[1.269s] DEBUG:colcon.colcon_core.event_handler.log_command:Invoking command in '/home/theta/colcon_ws/build/dis_tutorial3': CMAKE_PREFIX_PATH=/opt/ros/humble /usr/bin/cmake /home/theta/colcon_ws/src/dis_tutorial3 -DCMAKE_INSTALL_PREFIX=/home/theta/colcon_ws/install/dis_tutorial3
[1.273s] DEBUG:colcon.colcon_core.event_handler.log_command:Invoking command in '/home/theta/colcon_ws/build/dis_tutorial4': CMAKE_PREFIX_PATH=/opt/ros/humble /usr/bin/cmake /home/theta/colcon_ws/src/dis_tutorial4 -DCMAKE_INSTALL_PREFIX=/home/theta/colcon_ws/install/dis_tutorial4
[2.479s] DEBUG:colcon.colcon_core.event_handler.log_command:Invoked command in '/home/theta/colcon_ws/build/dis_tutorial3' returned '0': CMAKE_PREFIX_PATH=/opt/ros/humble /usr/bin/cmake /home/theta/colcon_ws/src/dis_tutorial3 -DCMAKE_INSTALL_PREFIX=/home/theta/colcon_ws/install/dis_tutorial3
[2.481s] DEBUG:colcon.colcon_core.event_handler.log_command:Invoking command in '/home/theta/colcon_ws/build/dis_tutorial3': CMAKE_PREFIX_PATH=/opt/ros/humble /usr/bin/cmake --build /home/theta/colcon_ws/build/dis_tutorial3 -- -j16 -l16
[2.515s] DEBUG:colcon.colcon_core.event_handler.log_command:Invoked command in '/home/theta/colcon_ws/build/dis_tutorial3' returned '0': CMAKE_PREFIX_PATH=/opt/ros/humble /usr/bin/cmake --build /home/theta/colcon_ws/build/dis_tutorial3 -- -j16 -l16
[2.543s] DEBUG:colcon.colcon_core.event_handler.log_command:Invoking command in '/home/theta/colcon_ws/build/dis_tutorial3': CMAKE_PREFIX_PATH=/opt/ros/humble /usr/bin/cmake --install /home/theta/colcon_ws/build/dis_tutorial3
[2.559s] Level 1:colcon.colcon_core.environment:create_environment_scripts_only(dis_tutorial3)
[2.560s] DEBUG:colcon.colcon_core.event_handler.log_command:Invoked command in '/home/theta/colcon_ws/build/dis_tutorial3' returned '0': CMAKE_PREFIX_PATH=/opt/ros/humble /usr/bin/cmake --install /home/theta/colcon_ws/build/dis_tutorial3
[2.575s] Level 1:colcon.colcon_core.environment:checking '/home/theta/colcon_ws/install/dis_tutorial3' for CMake module files
[2.575s] Level 1:colcon.colcon_core.environment:checking '/home/theta/colcon_ws/install/dis_tutorial3' for CMake config files
[2.576s] Level 1:colcon.colcon_core.shell:create_environment_hook('dis_tutorial3', 'cmake_prefix_path')
[2.587s] INFO:colcon.colcon_core.shell:Creating environment hook '/home/theta/colcon_ws/install/dis_tutorial3/share/dis_tutorial3/hook/cmake_prefix_path.ps1'
[2.588s] INFO:colcon.colcon_core.shell:Creating environment descriptor '/home/theta/colcon_ws/install/dis_tutorial3/share/dis_tutorial3/hook/cmake_prefix_path.dsv'
[2.588s] INFO:colcon.colcon_core.shell:Creating environment hook '/home/theta/colcon_ws/install/dis_tutorial3/share/dis_tutorial3/hook/cmake_prefix_path.sh'
[2.589s] Level 1:colcon.colcon_core.environment:checking '/home/theta/colcon_ws/install/dis_tutorial3/lib'
[2.589s] Level 1:colcon.colcon_core.environment:checking '/home/theta/colcon_ws/install/dis_tutorial3/bin'
[2.589s] Level 1:colcon.colcon_core.environment:checking '/home/theta/colcon_ws/install/dis_tutorial3/lib/pkgconfig/dis_tutorial3.pc'
[2.589s] Level 1:colcon.colcon_core.environment:checking '/home/theta/colcon_ws/install/dis_tutorial3/lib/python3.10/site-packages'
[2.589s] Level 1:colcon.colcon_core.environment:checking '/home/theta/colcon_ws/install/dis_tutorial3/bin'
[2.601s] INFO:colcon.colcon_core.shell:Creating package script '/home/theta/colcon_ws/install/dis_tutorial3/share/dis_tutorial3/package.ps1'
[2.601s] INFO:colcon.colcon_core.shell:Creating package descriptor '/home/theta/colcon_ws/install/dis_tutorial3/share/dis_tutorial3/package.dsv'
[2.602s] INFO:colcon.colcon_core.shell:Creating package script '/home/theta/colcon_ws/install/dis_tutorial3/share/dis_tutorial3/package.sh'
[2.602s] INFO:colcon.colcon_core.shell:Creating package script '/home/theta/colcon_ws/install/dis_tutorial3/share/dis_tutorial3/package.bash'
[2.603s] INFO:colcon.colcon_core.shell:Creating package script '/home/theta/colcon_ws/install/dis_tutorial3/share/dis_tutorial3/package.zsh'
[2.603s] Level 1:colcon.colcon_core.environment:create_file_with_runtime_dependencies(/home/theta/colcon_ws/install/dis_tutorial3/share/colcon-core/packages/dis_tutorial3)
[2.636s] Level 1:colcon.colcon_core.environment:create_environment_scripts_only(dis_tutorial3)
[2.647s] Level 1:colcon.colcon_core.environment:checking '/home/theta/colcon_ws/install/dis_tutorial3' for CMake module files
[2.647s] Level 1:colcon.colcon_core.environment:checking '/home/theta/colcon_ws/install/dis_tutorial3' for CMake config files
[2.648s] Level 1:colcon.colcon_core.shell:create_environment_hook('dis_tutorial3', 'cmake_prefix_path')
[2.659s] INFO:colcon.colcon_core.shell:Creating environment hook '/home/theta/colcon_ws/install/dis_tutorial3/share/dis_tutorial3/hook/cmake_prefix_path.ps1'
[2.659s] INFO:colcon.colcon_core.shell:Creating environment descriptor '/home/theta/colcon_ws/install/dis_tutorial3/share/dis_tutorial3/hook/cmake_prefix_path.dsv'
[2.659s] INFO:colcon.colcon_core.shell:Creating environment hook '/home/theta/colcon_ws/install/dis_tutorial3/share/dis_tutorial3/hook/cmake_prefix_path.sh'
[2.660s] Level 1:colcon.colcon_core.environment:checking '/home/theta/colcon_ws/install/dis_tutorial3/lib'
[2.660s] Level 1:colcon.colcon_core.environment:checking '/home/theta/colcon_ws/install/dis_tutorial3/bin'
[2.660s] Level 1:colcon.colcon_core.environment:checking '/home/theta/colcon_ws/install/dis_tutorial3/lib/pkgconfig/dis_tutorial3.pc'
[2.660s] Level 1:colcon.colcon_core.environment:checking '/home/theta/colcon_ws/install/dis_tutorial3/lib/python3.10/site-packages'
[2.660s] Level 1:colcon.colcon_core.environment:checking '/home/theta/colcon_ws/install/dis_tutorial3/bin'
[2.671s] INFO:colcon.colcon_core.shell:Creating package script '/home/theta/colcon_ws/install/dis_tutorial3/share/dis_tutorial3/package.ps1'
[2.672s] INFO:colcon.colcon_core.shell:Creating package descriptor '/home/theta/colcon_ws/install/dis_tutorial3/share/dis_tutorial3/package.dsv'
[2.672s] INFO:colcon.colcon_core.shell:Creating package script '/home/theta/colcon_ws/install/dis_tutorial3/share/dis_tutorial3/package.sh'
[2.672s] INFO:colcon.colcon_core.shell:Creating package script '/home/theta/colcon_ws/install/dis_tutorial3/share/dis_tutorial3/package.bash'
[2.672s] INFO:colcon.colcon_core.shell:Creating package script '/home/theta/colcon_ws/install/dis_tutorial3/share/dis_tutorial3/package.zsh'
[2.673s] Level 1:colcon.colcon_core.environment:create_file_with_runtime_dependencies(/home/theta/colcon_ws/install/dis_tutorial3/share/colcon-core/packages/dis_tutorial3)
[2.922s] DEBUG:colcon.colcon_core.event_handler.log_command:Invoked command in '/home/theta/colcon_ws/build/dis_tutorial4' returned '0': CMAKE_PREFIX_PATH=/opt/ros/humble /usr/bin/cmake /home/theta/colcon_ws/src/dis_tutorial4 -DCMAKE_INSTALL_PREFIX=/home/theta/colcon_ws/install/dis_tutorial4
[2.923s] DEBUG:colcon.colcon_core.event_handler.log_command:Invoking command in '/home/theta/colcon_ws/build/dis_tutorial4': CMAKE_PREFIX_PATH=/opt/ros/humble /usr/bin/cmake --build /home/theta/colcon_ws/build/dis_tutorial4 -- -j16 -l16
[2.958s] DEBUG:colcon.colcon_core.event_handler.log_command:Invoked command in '/home/theta/colcon_ws/build/dis_tutorial4' returned '0': CMAKE_PREFIX_PATH=/opt/ros/humble /usr/bin/cmake --build /home/theta/colcon_ws/build/dis_tutorial4 -- -j16 -l16
[2.978s] DEBUG:colcon.colcon_core.event_handler.log_command:Invoking command in '/home/theta/colcon_ws/build/dis_tutorial4': CMAKE_PREFIX_PATH=/opt/ros/humble /usr/bin/cmake --install /home/theta/colcon_ws/build/dis_tutorial4
[2.989s] Level 1:colcon.colcon_core.environment:create_environment_scripts_only(dis_tutorial4)
[2.990s] DEBUG:colcon.colcon_core.event_handler.log_command:Invoked command in '/home/theta/colcon_ws/build/dis_tutorial4' returned '0': CMAKE_PREFIX_PATH=/opt/ros/humble /usr/bin/cmake --install /home/theta/colcon_ws/build/dis_tutorial4
[3.001s] Level 1:colcon.colcon_core.environment:checking '/home/theta/colcon_ws/install/dis_tutorial4' for CMake module files
[3.002s] Level 1:colcon.colcon_core.environment:checking '/home/theta/colcon_ws/install/dis_tutorial4' for CMake config files
[3.002s] Level 1:colcon.colcon_core.shell:create_environment_hook('dis_tutorial4', 'cmake_prefix_path')
[3.013s] INFO:colcon.colcon_core.shell:Creating environment hook '/home/theta/colcon_ws/install/dis_tutorial4/share/dis_tutorial4/hook/cmake_prefix_path.ps1'
[3.013s] INFO:colcon.colcon_core.shell:Creating environment descriptor '/home/theta/colcon_ws/install/dis_tutorial4/share/dis_tutorial4/hook/cmake_prefix_path.dsv'
[3.013s] INFO:colcon.colcon_core.shell:Creating environment hook '/home/theta/colcon_ws/install/dis_tutorial4/share/dis_tutorial4/hook/cmake_prefix_path.sh'
[3.013s] Level 1:colcon.colcon_core.environment:checking '/home/theta/colcon_ws/install/dis_tutorial4/lib'
[3.014s] Level 1:colcon.colcon_core.environment:checking '/home/theta/colcon_ws/install/dis_tutorial4/bin'
[3.014s] Level 1:colcon.colcon_core.environment:checking '/home/theta/colcon_ws/install/dis_tutorial4/lib/pkgconfig/dis_tutorial4.pc'
[3.014s] Level 1:colcon.colcon_core.environment:checking '/home/theta/colcon_ws/install/dis_tutorial4/lib/python3.10/site-packages'
[3.014s] Level 1:colcon.colcon_core.environment:checking '/home/theta/colcon_ws/install/dis_tutorial4/bin'
[3.025s] INFO:colcon.colcon_core.shell:Creating package script '/home/theta/colcon_ws/install/dis_tutorial4/share/dis_tutorial4/package.ps1'
[3.025s] INFO:colcon.colcon_core.shell:Creating package descriptor '/home/theta/colcon_ws/install/dis_tutorial4/share/dis_tutorial4/package.dsv'
[3.025s] INFO:colcon.colcon_core.shell:Creating package script '/home/theta/colcon_ws/install/dis_tutorial4/share/dis_tutorial4/package.sh'
[3.026s] INFO:colcon.colcon_core.shell:Creating package script '/home/theta/colcon_ws/install/dis_tutorial4/share/dis_tutorial4/package.bash'
[3.026s] INFO:colcon.colcon_core.shell:Creating package script '/home/theta/colcon_ws/install/dis_tutorial4/share/dis_tutorial4/package.zsh'
[3.026s] Level 1:colcon.colcon_core.environment:create_file_with_runtime_dependencies(/home/theta/colcon_ws/install/dis_tutorial4/share/colcon-core/packages/dis_tutorial4)
[3.059s] Level 1:colcon.colcon_core.environment:create_environment_scripts_only(dis_tutorial4)
[3.070s] Level 1:colcon.colcon_core.environment:checking '/home/theta/colcon_ws/install/dis_tutorial4' for CMake module files
[3.070s] Level 1:colcon.colcon_core.environment:checking '/home/theta/colcon_ws/install/dis_tutorial4' for CMake config files
[3.070s] Level 1:colcon.colcon_core.shell:create_environment_hook('dis_tutorial4', 'cmake_prefix_path')
[3.081s] INFO:colcon.colcon_core.shell:Creating environment hook '/home/theta/colcon_ws/install/dis_tutorial4/share/dis_tutorial4/hook/cmake_prefix_path.ps1'
[3.081s] INFO:colcon.colcon_core.shell:Creating environment descriptor '/home/theta/colcon_ws/install/dis_tutorial4/share/dis_tutorial4/hook/cmake_prefix_path.dsv'
[3.082s] INFO:colcon.colcon_core.shell:Creating environment hook '/home/theta/colcon_ws/install/dis_tutorial4/share/dis_tutorial4/hook/cmake_prefix_path.sh'
[3.082s] Level 1:colcon.colcon_core.environment:checking '/home/theta/colcon_ws/install/dis_tutorial4/lib'
[3.082s] Level 1:colcon.colcon_core.environment:checking '/home/theta/colcon_ws/install/dis_tutorial4/bin'
[3.082s] Level 1:colcon.colcon_core.environment:checking '/home/theta/colcon_ws/install/dis_tutorial4/lib/pkgconfig/dis_tutorial4.pc'
[3.082s] Level 1:colcon.colcon_core.environment:checking '/home/theta/colcon_ws/install/dis_tutorial4/lib/python3.10/site-packages'
[3.082s] Level 1:colcon.colcon_core.environment:checking '/home/theta/colcon_ws/install/dis_tutorial4/bin'
[3.093s] INFO:colcon.colcon_core.shell:Creating package script '/home/theta/colcon_ws/install/dis_tutorial4/share/dis_tutorial4/package.ps1'
[3.094s] INFO:colcon.colcon_core.shell:Creating package descriptor '/home/theta/colcon_ws/install/dis_tutorial4/share/dis_tutorial4/package.dsv'
[3.094s] INFO:colcon.colcon_core.shell:Creating package script '/home/theta/colcon_ws/install/dis_tutorial4/share/dis_tutorial4/package.sh'
[3.094s] INFO:colcon.colcon_core.shell:Creating package script '/home/theta/colcon_ws/install/dis_tutorial4/share/dis_tutorial4/package.bash'
[3.095s] INFO:colcon.colcon_core.shell:Creating package script '/home/theta/colcon_ws/install/dis_tutorial4/share/dis_tutorial4/package.zsh'
[3.095s] Level 1:colcon.colcon_core.environment:create_file_with_runtime_dependencies(/home/theta/colcon_ws/install/dis_tutorial4/share/colcon-core/packages/dis_tutorial4)
[3.095s] DEBUG:colcon.colcon_parallel_executor.executor.parallel:closing loop
[3.095s] DEBUG:colcon.colcon_parallel_executor.executor.parallel:loop closed
[3.095s] DEBUG:colcon.colcon_parallel_executor.executor.parallel:run_until_complete finished with '0'
[3.096s] DEBUG:colcon.colcon_core.event_reactor:joining thread
[3.110s] INFO:colcon.colcon_core.plugin_system:Skipping extension 'colcon_notification.desktop_notification.notify_send': Could not find 'notify-send'
[3.110s] INFO:colcon.colcon_core.plugin_system:Skipping extension 'colcon_notification.desktop_notification.terminal_notifier': Not used on non-Darwin systems
[3.111s] INFO:colcon.colcon_core.plugin_system:Skipping extension 'colcon_notification.desktop_notification.win32': Not used on non-Windows systems
[3.111s] INFO:colcon.colcon_notification.desktop_notification:Sending desktop notification using 'notify2'
[3.127s] DEBUG:colcon.colcon_core.event_reactor:joined thread
[3.138s] INFO:colcon.colcon_core.shell:Creating prefix script '/home/theta/colcon_ws/install/local_setup.ps1'
[3.139s] INFO:colcon.colcon_core.shell:Creating prefix util module '/home/theta/colcon_ws/install/_local_setup_util_ps1.py'
[3.140s] INFO:colcon.colcon_core.shell:Creating prefix chain script '/home/theta/colcon_ws/install/setup.ps1'
[3.152s] INFO:colcon.colcon_core.shell:Creating prefix script '/home/theta/colcon_ws/install/local_setup.sh'
[3.153s] INFO:colcon.colcon_core.shell:Creating prefix util module '/home/theta/colcon_ws/install/_local_setup_util_sh.py'
[3.153s] INFO:colcon.colcon_core.shell:Creating prefix chain script '/home/theta/colcon_ws/install/setup.sh'
[3.165s] INFO:colcon.colcon_core.shell:Creating prefix script '/home/theta/colcon_ws/install/local_setup.bash'
[3.166s] INFO:colcon.colcon_core.shell:Creating prefix chain script '/home/theta/colcon_ws/install/setup.bash'
[3.177s] INFO:colcon.colcon_core.shell:Creating prefix script '/home/theta/colcon_ws/install/local_setup.zsh'
[3.178s] INFO:colcon.colcon_core.shell:Creating prefix chain script '/home/theta/colcon_ws/install/setup.zsh'
