[0.051s] Invoking command in '/home/theta/colcon_ws/build/dis_tutorial4': CMAKE_PREFIX_PATH=/opt/ros/humble /usr/bin/cmake /home/theta/colcon_ws/src/dis_tutorial4 -DCMAKE_INSTALL_PREFIX=/home/theta/colcon_ws/install/dis_tutorial4
[0.134s] -- The C compiler identification is GNU 11.4.0
[0.206s] -- The CXX compiler identification is GNU 11.4.0
[0.214s] -- Detecting C compiler ABI info
[0.273s] -- Detecting C compiler ABI info - done
[0.279s] -- Check for working C compiler: /usr/bin/cc - skipped
[0.279s] -- Detecting C compile features
[0.280s] -- Detecting C compile features - done
[0.282s] -- Detecting CXX compiler ABI info
[0.348s] -- Detecting CXX compiler ABI info - done
[0.353s] -- Check for working CXX compiler: /usr/bin/c++ - skipped
[0.353s] -- Detecting CXX compile features
[0.354s] -- Detecting CXX compile features - done
[0.358s] -- Found ament_cmake: 1.3.8 (/opt/ros/humble/share/ament_cmake/cmake)
[0.473s] -- Found Python3: /usr/bin/python3 (found version "3.10.12") found components: Interpreter 
[0.572s] -- Found rclcpp: 16.0.8 (/opt/ros/humble/share/rclcpp/cmake)
[0.618s] -- Found rosidl_generator_c: 3.1.5 (/opt/ros/humble/share/rosidl_generator_c/cmake)
[0.623s] -- Found rosidl_adapter: 3.1.5 (/opt/ros/humble/share/rosidl_adapter/cmake)
[0.653s] -- Found rosidl_generator_cpp: 3.1.5 (/opt/ros/humble/share/rosidl_generator_cpp/cmake)
[0.667s] -- Using all available rosidl_typesupport_c: rosidl_typesupport_fastrtps_c;rosidl_typesupport_introspection_c
[0.686s] -- Using all available rosidl_typesupport_cpp: rosidl_typesupport_fastrtps_cpp;rosidl_typesupport_introspection_cpp
[0.747s] -- Found rmw_implementation_cmake: 6.1.1 (/opt/ros/humble/share/rmw_implementation_cmake/cmake)
[0.750s] -- Found rmw_fastrtps_cpp: 6.2.6 (/opt/ros/humble/share/rmw_fastrtps_cpp/cmake)
[0.850s] -- Found OpenSSL: /usr/lib/x86_64-linux-gnu/libcrypto.so (found version "3.0.2")  
[0.877s] -- Found FastRTPS: /opt/ros/humble/include  
[0.919s] -- Using RMW implementation 'rmw_fastrtps_cpp' as default
[0.930s] -- Looking for pthread.h
[0.995s] -- Looking for pthread.h - found
[0.995s] -- Performing Test CMAKE_HAVE_LIBC_PTHREAD
[1.055s] -- Performing Test CMAKE_HAVE_LIBC_PTHREAD - Success
[1.056s] -- Found Threads: TRUE  
[1.182s] -- Found rclpy: 3.3.12 (/opt/ros/humble/share/rclpy/cmake)
[1.183s] -- Found std_srvs: 4.2.3 (/opt/ros/humble/share/std_srvs/cmake)
[1.199s] -- Found action_msgs: 1.2.1 (/opt/ros/humble/share/action_msgs/cmake)
[1.248s] -- Found nav2_msgs: 1.1.13 (/opt/ros/humble/share/nav2_msgs/cmake)
[1.484s] -- Found visualization_msgs: 4.2.3 (/opt/ros/humble/share/visualization_msgs/cmake)
[1.686s] -- Configuring done
[1.690s] -- Generating done
[1.692s] -- Build files have been written to: /home/theta/colcon_ws/build/dis_tutorial4
[1.700s] Invoked command in '/home/theta/colcon_ws/build/dis_tutorial4' returned '0': CMAKE_PREFIX_PATH=/opt/ros/humble /usr/bin/cmake /home/theta/colcon_ws/src/dis_tutorial4 -DCMAKE_INSTALL_PREFIX=/home/theta/colcon_ws/install/dis_tutorial4
[1.701s] Invoking command in '/home/theta/colcon_ws/build/dis_tutorial4': CMAKE_PREFIX_PATH=/opt/ros/humble /usr/bin/cmake --build /home/theta/colcon_ws/build/dis_tutorial4 -- -j16 -l16
[1.736s] Invoked command in '/home/theta/colcon_ws/build/dis_tutorial4' returned '0': CMAKE_PREFIX_PATH=/opt/ros/humble /usr/bin/cmake --build /home/theta/colcon_ws/build/dis_tutorial4 -- -j16 -l16
[1.756s] Invoking command in '/home/theta/colcon_ws/build/dis_tutorial4': CMAKE_PREFIX_PATH=/opt/ros/humble /usr/bin/cmake --install /home/theta/colcon_ws/build/dis_tutorial4
[1.762s] -- Install configuration: ""
[1.762s] -- Installing: /home/theta/colcon_ws/install/dis_tutorial4/share/dis_tutorial4//launch
[1.762s] -- Installing: /home/theta/colcon_ws/install/dis_tutorial4/share/dis_tutorial4//launch/turtlebot4_spawn_nav.launch.py
[1.762s] -- Installing: /home/theta/colcon_ws/install/dis_tutorial4/share/dis_tutorial4//launch/nav2.launch.py
[1.763s] -- Installing: /home/theta/colcon_ws/install/dis_tutorial4/share/dis_tutorial4//launch/ignition.launch.py
[1.763s] -- Installing: /home/theta/colcon_ws/install/dis_tutorial4/share/dis_tutorial4//launch/slam.launch.py
[1.763s] -- Installing: /home/theta/colcon_ws/install/dis_tutorial4/share/dis_tutorial4//launch/create3_nodes.launch.py
[1.763s] -- Installing: /home/theta/colcon_ws/install/dis_tutorial4/share/dis_tutorial4//launch/sim_turtlebot_slam.launch.py
[1.763s] -- Installing: /home/theta/colcon_ws/install/dis_tutorial4/share/dis_tutorial4//launch/turtlebot4_spawn.launch.py
[1.763s] -- Installing: /home/theta/colcon_ws/install/dis_tutorial4/share/dis_tutorial4//launch/sim_turtlebot_nav.launch.py
[1.763s] -- Installing: /home/theta/colcon_ws/install/dis_tutorial4/share/dis_tutorial4//launch/dis_sim.launch.py
[1.763s] -- Installing: /home/theta/colcon_ws/install/dis_tutorial4/share/dis_tutorial4//launch/localization.launch.py
[1.763s] -- Installing: /home/theta/colcon_ws/install/dis_tutorial4/lib/dis_tutorial4/map_goals.py
[1.764s] -- Installing: /home/theta/colcon_ws/install/dis_tutorial4/lib/dis_tutorial4/transform_point.py
[1.764s] -- Installing: /home/theta/colcon_ws/install/dis_tutorial4/share/ament_index/resource_index/package_run_dependencies/dis_tutorial4
[1.764s] -- Installing: /home/theta/colcon_ws/install/dis_tutorial4/share/ament_index/resource_index/parent_prefix_path/dis_tutorial4
[1.764s] -- Installing: /home/theta/colcon_ws/install/dis_tutorial4/share/dis_tutorial4/environment/ament_prefix_path.sh
[1.764s] -- Installing: /home/theta/colcon_ws/install/dis_tutorial4/share/dis_tutorial4/environment/ament_prefix_path.dsv
[1.764s] -- Installing: /home/theta/colcon_ws/install/dis_tutorial4/share/dis_tutorial4/environment/path.sh
[1.765s] -- Installing: /home/theta/colcon_ws/install/dis_tutorial4/share/dis_tutorial4/environment/path.dsv
[1.765s] -- Installing: /home/theta/colcon_ws/install/dis_tutorial4/share/dis_tutorial4/local_setup.bash
[1.765s] -- Installing: /home/theta/colcon_ws/install/dis_tutorial4/share/dis_tutorial4/local_setup.sh
[1.765s] -- Installing: /home/theta/colcon_ws/install/dis_tutorial4/share/dis_tutorial4/local_setup.zsh
[1.765s] -- Installing: /home/theta/colcon_ws/install/dis_tutorial4/share/dis_tutorial4/local_setup.dsv
[1.765s] -- Installing: /home/theta/colcon_ws/install/dis_tutorial4/share/dis_tutorial4/package.dsv
[1.765s] -- Installing: /home/theta/colcon_ws/install/dis_tutorial4/share/ament_index/resource_index/packages/dis_tutorial4
[1.766s] -- Installing: /home/theta/colcon_ws/install/dis_tutorial4/share/dis_tutorial4/cmake/dis_tutorial4Config.cmake
[1.766s] -- Installing: /home/theta/colcon_ws/install/dis_tutorial4/share/dis_tutorial4/cmake/dis_tutorial4Config-version.cmake
[1.766s] -- Installing: /home/theta/colcon_ws/install/dis_tutorial4/share/dis_tutorial4/package.xml
[1.768s] Invoked command in '/home/theta/colcon_ws/build/dis_tutorial4' returned '0': CMAKE_PREFIX_PATH=/opt/ros/humble /usr/bin/cmake --install /home/theta/colcon_ws/build/dis_tutorial4
